# dune runtest -f
# OCAMLPARAM: unset
# Shared cache: disabled
# Workspace root: /Users/sohamdigambar/cmsc330spring22/project2b
# Auto-detected concurrency: 8
$ /usr/local/bin/ocamlc.opt -config > /var/folders/pd/84v9vc0j2kd0gw735l3j4qsh0000gn/T/dune_a1d98a_output
# Dune context:
#  { name = "default"
#  ; kind = "default"
#  ; profile = Dev
#  ; merlin = true
#  ; for_host = None
#  ; fdo_target_exe = None
#  ; build_dir = "default"
#  ; toplevel_path =
#      Some External "/Users/sohamdigambar/.opam/default/lib/toplevel"
#  ; ocaml_bin = External "/usr/local/bin"
#  ; ocaml = Ok External "/Users/sohamdigambar/.opam/default/bin/ocaml"
#  ; ocamlc = External "/usr/local/bin/ocamlc.opt"
#  ; ocamlopt = Ok External "/usr/local/bin/ocamlopt.opt"
#  ; ocamldep = Ok External "/usr/local/bin/ocamldep.opt"
#  ; ocamlmklib = Ok External "/usr/local/bin/ocamlmklib.opt"
#  ; env =
#      map
#        { "DUNE_OCAML_HARDCODED" : "/Users/sohamdigambar/.opam/default/lib"
#        ; "DUNE_OCAML_STDLIB" : "/usr/local/lib/ocaml"
#        ; "DUNE_SOURCEROOT" : "/Users/sohamdigambar/cmsc330spring22/project2b"
#        ; "INSIDE_DUNE" :
#            "/Users/sohamdigambar/cmsc330spring22/project2b/_build/default"
#        ; "MANPATH" :
#            "/Users/sohamdigambar/cmsc330spring22/project2b/_build/install/default/bin"
#        ; "OCAMLFIND_IGNORE_DUPS_IN" :
#            "/Users/sohamdigambar/cmsc330spring22/project2b/_build/install/default/lib"
#        ; "OCAMLPATH" :
#            "/Users/sohamdigambar/cmsc330spring22/project2b/_build/install/default/lib"
#        ; "OCAMLTOP_INCLUDE_PATH" :
#            "/Users/sohamdigambar/cmsc330spring22/project2b/_build/install/default/lib/toplevel"
#        ; "OCAML_COLOR" : "always"
#        ; "OPAMCOLOR" : "always"
#        }
#  ; findlib_path = [ External "/Users/sohamdigambar/.opam/default/lib" ]
#  ; arch_sixtyfour = true
#  ; natdynlink_supported = true
#  ; supports_shared_libraries = true
#  ; ocaml_config =
#      { version = "4.12.0"
#      ; standard_library_default = "/usr/local/lib/ocaml"
#      ; standard_library = "/usr/local/lib/ocaml"
#      ; standard_runtime = "the_standard_runtime_variable_was_deleted"
#      ; ccomp_type = "cc"
#      ; c_compiler = "clang"
#      ; ocamlc_cflags = [ "-O2"; "-fno-strict-aliasing"; "-fwrapv" ]
#      ; ocamlc_cppflags = [ "-D_FILE_OFFSET_BITS=64"; "-D_REENTRANT" ]
#      ; ocamlopt_cflags = [ "-O2"; "-fno-strict-aliasing"; "-fwrapv" ]
#      ; ocamlopt_cppflags = [ "-D_FILE_OFFSET_BITS=64"; "-D_REENTRANT" ]
#      ; bytecomp_c_compiler =
#          [ "clang"
#          ; "-O2"
#          ; "-fno-strict-aliasing"
#          ; "-fwrapv"
#          ; "-D_FILE_OFFSET_BITS=64"
#          ; "-D_REENTRANT"
#          ]
#      ; bytecomp_c_libraries = [ "-lm"; "-lpthread" ]
#      ; native_c_compiler =
#          [ "clang"
#          ; "-O2"
#          ; "-fno-strict-aliasing"
#          ; "-fwrapv"
#          ; "-D_FILE_OFFSET_BITS=64"
#          ; "-D_REENTRANT"
#          ]
#      ; native_c_libraries = [ "-lm" ]
#      ; native_pack_linker = [ "ld"; "-r"; "-o" ]
#      ; cc_profile = []
#      ; architecture = "amd64"
#      ; model = "default"
#      ; int_size = 63
#      ; word_size = 64
#      ; system = "macosx"
#      ; asm = [ "clang"; "-arch"; "x86_64"; "-Wno-trigraphs"; "-c" ]
#      ; asm_cfi_supported = true
#      ; with_frame_pointers = false
#      ; ext_exe = ""
#      ; ext_obj = ".o"
#      ; ext_asm = ".s"
#      ; ext_lib = ".a"
#      ; ext_dll = ".so"
#      ; os_type = "Unix"
#      ; default_executable_name = "a.out"
#      ; systhread_supported = true
#      ; host = "x86_64-apple-darwin21.1.0"
#      ; target = "x86_64-apple-darwin21.1.0"
#      ; profiling = false
#      ; flambda = false
#      ; spacetime = false
#      ; safe_string = true
#      ; exec_magic_number = "Caml1999X029"
#      ; cmi_magic_number = "Caml1999I029"
#      ; cmo_magic_number = "Caml1999O029"
#      ; cma_magic_number = "Caml1999A029"
#      ; cmx_magic_number = "Caml1999Y029"
#      ; cmxa_magic_number = "Caml1999Z029"
#      ; ast_impl_magic_number = "Caml1999M029"
#      ; ast_intf_magic_number = "Caml1999N029"
#      ; cmxs_magic_number = "Caml1999D029"
#      ; cmt_magic_number = "Caml1999T029"
#      ; natdynlink_supported = true
#      ; supports_shared_libraries = true
#      ; windows_unicode = false
#      }
#  }
$ (cd _build/default && /usr/local/bin/ocamldep.opt -modules -impl src/funs.ml) > _build/default/src/.p2b.objs/funs.ml.d
$ (cd _build/default && /usr/local/bin/ocamldep.opt -modules -impl src/higher.ml) > _build/default/src/.p2b.objs/higher.ml.d
$ (cd _build/default && /usr/local/bin/ocamldep.opt -modules -impl src/data.ml) > _build/default/src/.p2b.objs/data.ml.d
$ (cd _build/default && /usr/local/bin/ocamlc.opt -w @1..3@5..28@30..39@43@46..47@49..57@61..62-40 -strict-sequence -strict-formats -short-paths -keep-locs -w -33 -g -bin-annot -I test/student/.student.eobjs/byte -I /Users/sohamdigambar/.opam/default/lib/oUnit -I /Users/sohamdigambar/.opam/default/lib/ounit2 -I /Users/sohamdigambar/.opam/default/lib/ounit2/advanced -I /Users/sohamdigambar/.opam/default/lib/seq -I /Users/sohamdigambar/.opam/default/lib/stdlib-shims -I src/.p2b.objs/byte -I test/.testUtils.objs/byte -no-alias-deps -opaque -o test/student/.student.eobjs/byte/dune__exe__Student.cmo -c -impl test/student/student.ml)
$ (cd _build/default && /usr/local/bin/ocamlopt.opt -w @1..3@5..28@30..39@43@46..47@49..57@61..62-40 -strict-sequence -strict-formats -short-paths -keep-locs -w -27-39-33-32 -g -I src/.p2b.objs/byte -I src/.p2b.objs/native -I /Users/sohamdigambar/.opam/default/lib/oUnit -I /Users/sohamdigambar/.opam/default/lib/ounit2 -I /Users/sohamdigambar/.opam/default/lib/ounit2/advanced -I /Users/sohamdigambar/.opam/default/lib/seq -I /Users/sohamdigambar/.opam/default/lib/stdlib-shims -intf-suffix .ml -no-alias-deps -opaque -open P2b -o src/.p2b.objs/native/p2b__Higher.cmx -c -impl src/higher.ml)
$ (cd _build/default && /usr/local/bin/ocamlopt.opt -w @1..3@5..28@30..39@43@46..47@49..57@61..62-40 -strict-sequence -strict-formats -short-paths -keep-locs -w -33 -g -I test/student/.student.eobjs/byte -I test/student/.student.eobjs/native -I /Users/sohamdigambar/.opam/default/lib/oUnit -I /Users/sohamdigambar/.opam/default/lib/ounit2 -I /Users/sohamdigambar/.opam/default/lib/ounit2/advanced -I /Users/sohamdigambar/.opam/default/lib/seq -I /Users/sohamdigambar/.opam/default/lib/stdlib-shims -I src/.p2b.objs/byte -I src/.p2b.objs/native -I test/.testUtils.objs/byte -I test/.testUtils.objs/native -intf-suffix .ml -no-alias-deps -opaque -o test/student/.student.eobjs/native/dune__exe__Student.cmx -c -impl test/student/student.ml)
$ (cd _build/default && /usr/local/bin/ocamlopt.opt -w @1..3@5..28@30..39@43@46..47@49..57@61..62-40 -strict-sequence -strict-formats -short-paths -keep-locs -w -27-39-33-32 -g -I src/.p2b.objs/byte -I src/.p2b.objs/native -I /Users/sohamdigambar/.opam/default/lib/oUnit -I /Users/sohamdigambar/.opam/default/lib/ounit2 -I /Users/sohamdigambar/.opam/default/lib/ounit2/advanced -I /Users/sohamdigambar/.opam/default/lib/seq -I /Users/sohamdigambar/.opam/default/lib/stdlib-shims -intf-suffix .ml -no-alias-deps -opaque -open P2b -o src/.p2b.objs/native/p2b__Funs.cmx -c -impl src/funs.ml)
$ (cd _build/default && /usr/local/bin/ocamlopt.opt -w @1..3@5..28@30..39@43@46..47@49..57@61..62-40 -strict-sequence -strict-formats -short-paths -keep-locs -w -27-39-33-32 -g -I src/.p2b.objs/byte -I src/.p2b.objs/native -I /Users/sohamdigambar/.opam/default/lib/oUnit -I /Users/sohamdigambar/.opam/default/lib/ounit2 -I /Users/sohamdigambar/.opam/default/lib/ounit2/advanced -I /Users/sohamdigambar/.opam/default/lib/seq -I /Users/sohamdigambar/.opam/default/lib/stdlib-shims -intf-suffix .ml -no-alias-deps -opaque -open P2b -o src/.p2b.objs/native/p2b__Data.cmx -c -impl src/data.ml)
$ (cd _build/default && /usr/local/bin/ocamlopt.opt -w @1..3@5..28@30..39@43@46..47@49..57@61..62-40 -strict-sequence -strict-formats -short-paths -keep-locs -w -27-39-33-32 -g -a -o src/p2b.cmxa src/.p2b.objs/native/p2b.cmx src/.p2b.objs/native/p2b__Funs.cmx src/.p2b.objs/native/p2b__Higher.cmx src/.p2b.objs/native/p2b__Data.cmx)
$ (cd _build/default && /usr/local/bin/ocamlopt.opt -w @1..3@5..28@30..39@43@46..47@49..57@61..62-40 -strict-sequence -strict-formats -short-paths -keep-locs -g -o test/public/public.exe /usr/local/lib/ocaml/unix.cmxa -I /usr/local/lib/ocaml -I /usr/local/lib/ocaml /Users/sohamdigambar/.opam/default/lib/stdlib-shims/stdlib_shims.cmxa /Users/sohamdigambar/.opam/default/lib/ounit2/advanced/oUnitAdvanced.cmxa /Users/sohamdigambar/.opam/default/lib/ounit2/oUnit.cmxa src/p2b.cmxa test/testUtils.cmxa test/public/.public.eobjs/native/dune__exe__Public.cmx)
$ (cd _build/default && /usr/local/bin/ocamlopt.opt -w @1..3@5..28@30..39@43@46..47@49..57@61..62-40 -strict-sequence -strict-formats -short-paths -keep-locs -w -33 -g -o test/student/student.exe /usr/local/lib/ocaml/unix.cmxa -I /usr/local/lib/ocaml -I /usr/local/lib/ocaml /Users/sohamdigambar/.opam/default/lib/stdlib-shims/stdlib_shims.cmxa /Users/sohamdigambar/.opam/default/lib/ounit2/advanced/oUnitAdvanced.cmxa /Users/sohamdigambar/.opam/default/lib/ounit2/oUnit.cmxa src/p2b.cmxa test/testUtils.cmxa test/student/.student.eobjs/native/dune__exe__Student.cmx)
$ (cd _build/default && /usr/local/bin/ocamlopt.opt -w @1..3@5..28@30..39@43@46..47@49..57@61..62-40 -strict-sequence -strict-formats -short-paths -keep-locs -g -o test/pbt/pbt.exe /usr/local/lib/ocaml/unix.cmxa -I /usr/local/lib/ocaml -I /usr/local/lib/ocaml /Users/sohamdigambar/.opam/default/lib/stdlib-shims/stdlib_shims.cmxa /Users/sohamdigambar/.opam/default/lib/ounit2/advanced/oUnitAdvanced.cmxa /Users/sohamdigambar/.opam/default/lib/ounit2/oUnit.cmxa src/p2b.cmxa /Users/sohamdigambar/.opam/default/lib/qcheck-core/qcheck_core.cmxa /Users/sohamdigambar/.opam/default/lib/qcheck-core/runner/qcheck_runner.cmxa /Users/sohamdigambar/.opam/default/lib/qcheck-ounit/qcheck_ounit.cmxa /Users/sohamdigambar/.opam/default/lib/qcheck/qcheck.cmxa test/testUtils.cmxa test/pbt/.pbt.eobjs/native/dune__exe__Pbt.cmx)
$ (cd _build/default/test/public && ./public.exe)
> .........EEE
> ==============================================================================
> Error: public:11:scopes.
>
> File "/Users/sohamdigambar/cmsc330spring22/project2b/_build/default/test/public/oUnit-public-wireless-10-104-148-178.umd.edu#02.log", line 23, characters 1-1:
> Error: public:11:scopes (in the log).
>
> Raised at Stdlib.failwith in file "stdlib.ml", line 29, characters 17-33
> Called from Dune__exe__Public.public_scopes in file "test/public/public.ml", line 143, characters 10-32
> Called from OUnitRunner.run_one_test.(fun) in file "src/lib/ounit2/advanced/oUnitRunner.ml", line 83, characters 13-26
>
> Failure("unimplemented")
> ------------------------------------------------------------------------------
> ==============================================================================
> Error: public:10:var.
>
> File "/Users/sohamdigambar/cmsc330spring22/project2b/_build/default/test/public/oUnit-public-wireless-10-104-148-178.umd.edu#01.log", line 17, characters 1-1:
> Error: public:10:var (in the log).
>
> Raised at Stdlib.failwith in file "stdlib.ml", line 29, characters 17-33
> Called from Dune__exe__Public.public_var in file "test/public/public.ml", line 133, characters 10-32
> Called from OUnitRunner.run_one_test.(fun) in file "src/lib/ounit2/advanced/oUnitRunner.ml", line 83, characters 13-26
>
> Failure("unimplemented")
> ------------------------------------------------------------------------------
> ==============================================================================
> Error: public:9:tree_map_put_and_get.
>
> File "/Users/sohamdigambar/cmsc330spring22/project2b/_build/default/test/public/oUnit-public-wireless-10-104-148-178.umd.edu#02.log", line 14, characters 1-1:
> Error: public:9:tree_map_put_and_get (in the log).
>
> Raised at Stdlib.invalid_arg in file "stdlib.ml", line 30, characters 20-45
> Called from P2b__Data.map_put in file "src/data.ml", line 75, characters 16-37
> Called from Dune__exe__Public.public_tree_map_put_and_get in file "test/public/public.ml", line 123, characters 11-27
> Called from OUnitRunner.run_one_test.(fun) in file "src/lib/ounit2/advanced/oUnitRunner.ml", line 83, characters 13-26
>
> Invalid_argument("map_put")
> ------------------------------------------------------------------------------
> Ran: 12 tests in: 0.11 seconds.
> FAILED: Cases: 12 Tried: 12 Errors: 3 Failures: 0 Skip:  0 Todo: 0 Timeouts: 0.
[1]
$ (cd _build/default/test/student && ./student.exe)
> .
> Ran: 1 tests in: 0.02 seconds.
> OK
> Fatal error: exception Invalid_argument("map_put")
> Raised at Stdlib.invalid_arg in file "stdlib.ml", line 30, characters 20-45
> Called from P2b__Data.map_put in file "src/data.ml", line 75, characters 16-37
> Called from Dune__exe__Student.test1 in file "test/student/student.ml", line 17, characters 9-29
[2]
$ (cd _build/default/test/pbt && ./pbt.exe)
> ............EEEE.
> ==============================================================================
> Error: public:16:test_add_var_single_scope.
>
> File "/Users/sohamdigambar/cmsc330spring22/project2b/_build/default/test/pbt/oUnit-public-wireless-10-104-148-178.umd.edu#01.log", line 143, characters 1-1:
> Error: public:16:test_add_var_single_scope (in the log).
>
> Raised at QCheck2.Test.check_result in file "src/core/QCheck2.ml", line 1764, characters 6-78
> Called from OUnitRunner.run_one_test.(fun) in file "src/lib/ounit2/advanced/oUnitRunner.ml", line 83, characters 13-26
>
> test `test_add_var_single_scope` raised exception `Failure("unimplemented")`
> on `("", 0) (after 3 shrink steps)`
> Raised at Stdlib.failwith in file "stdlib.ml", line 29, characters 17-33
> Called from Dune__exe__Pbt.test_add_var_single_scope.(fun) in file "test/pbt/pbt.ml", line 238, characters 12-25
> Called from QCheck2.Test.run_law in file "src/core/QCheck2.ml", line 1412, characters 9-14
> Called from QCheck2.Test.check_state_input in file "src/core/QCheck2.ml", line 1535, characters 20-48
>
> ------------------------------------------------------------------------------
> ==============================================================================
> Error: public:15:test_map_put_smaller_goes_left.
>
> File "/Users/sohamdigambar/cmsc330spring22/project2b/_build/default/test/pbt/oUnit-public-wireless-10-104-148-178.umd.edu#01.log", line 116, characters 1-1:
> Error: public:15:test_map_put_smaller_goes_left (in the log).
>
> Raised at QCheck2.Test.check_result in file "src/core/QCheck2.ml", line 1764, characters 6-78
> Called from OUnitRunner.run_one_test.(fun) in file "src/lib/ounit2/advanced/oUnitRunner.ml", line 83, characters 13-26
>
> test `test_map_put_smaller_goes_left`
> raised exception `Invalid_argument("map_put")`
> on `(0, "", "", "") (after 40 shrink steps)`
> Raised at Stdlib.invalid_arg in file "stdlib.ml", line 30, characters 20-45
> Called from P2b__Data.map_put in file "src/data.ml", line 75, characters 16-37
> Called from Dune__exe__Pbt.test_map_put_smaller_goes_left.(fun) in file "test/pbt/pbt.ml", line 218, characters 13-27
> Called from QCheck2.Test.run_law in file "src/core/QCheck2.ml", line 1412, characters 9-14
> Called from QCheck2.Test.check_state_input in file "src/core/QCheck2.ml", line 1535, characters 20-48
>
> ------------------------------------------------------------------------------
> ==============================================================================
> Error: public:14:test_map_put_bigger_goes_right.
>
> File "/Users/sohamdigambar/cmsc330spring22/project2b/_build/default/test/pbt/oUnit-public-wireless-10-104-148-178.umd.edu#01.log", line 87, characters 1-1:
> Error: public:14:test_map_put_bigger_goes_right (in the log).
>
> Raised at QCheck2.Test.check_result in file "src/core/QCheck2.ml", line 1764, characters 6-78
> Called from OUnitRunner.run_one_test.(fun) in file "src/lib/ounit2/advanced/oUnitRunner.ml", line 83, characters 13-26
>
> test `test_map_put_bigger_goes_right`
> raised exception `Invalid_argument("map_put")`
> on `(0, "", "", "") (after 40 shrink steps)`
> Raised at Stdlib.invalid_arg in file "stdlib.ml", line 30, characters 20-45
> Called from P2b__Data.map_put in file "src/data.ml", line 75, characters 16-37
> Called from Dune__exe__Pbt.test_map_put_bigger_goes_right.(fun) in file "test/pbt/pbt.ml", line 197, characters 13-27
> Called from QCheck2.Test.run_law in file "src/core/QCheck2.ml", line 1412, characters 9-14
> Called from QCheck2.Test.check_state_input in file "src/core/QCheck2.ml", line 1535, characters 20-48
>
> ------------------------------------------------------------------------------
> ==============================================================================
> Error: public:13:test_map_contains_after_inserted.
>
> File "/Users/sohamdigambar/cmsc330spring22/project2b/_build/default/test/pbt/oUnit-public-wireless-10-104-148-178.umd.edu#01.log", line 58, characters 1-1:
> Error: public:13:test_map_contains_after_inserted (in the log).
>
> Raised at QCheck2.Test.check_result in file "src/core/QCheck2.ml", line 1764, characters 6-78
> Called from OUnitRunner.run_one_test.(fun) in file "src/lib/ounit2/advanced/oUnitRunner.ml", line 83, characters 13-26
>
> test `test_map_contains_after_inserted`
> raised exception `Invalid_argument("map_put")`
> on `(0, "") (after 34 shrink steps)`
> Raised at Stdlib.invalid_arg in file "stdlib.ml", line 30, characters 20-45
> Called from P2b__Data.map_put in file "src/data.ml", line 75, characters 16-37
> Called from Dune__exe__Pbt.test_map_contains_after_inserted.(fun) in file "test/pbt/pbt.ml", line 184, characters 13-27
> Called from QCheck2.Test.run_law in file "src/core/QCheck2.ml", line 1412, characters 9-14
> Called from QCheck2.Test.check_state_input in file "src/core/QCheck2.ml", line 1535, characters 20-48
>
> ------------------------------------------------------------------------------
> Ran: 17 tests in: 3.26 seconds.
> FAILED: Cases: 17 Tried: 17 Errors: 4 Failures: 0 Skip:  0 Todo: 0 Timeouts: 0.
[1]
